2025-07-27 05:40:17,912 - INFO -    Twilio Available: True
2025-07-27 05:40:17,912 - INFO -    Service Enabled: False
2025-07-27 05:40:17,914 - INFO -    Tesseract Available: False
2025-07-27 05:40:17,914 - INFO -    Google Vision Available: False
2025-07-27 05:40:17,916 - INFO -    PIL Available: False
2025-07-27 05:40:17,916 - INFO -    OpenCV Available: False
2025-07-27 05:40:17,916 - INFO - 
2025-07-27 05:40:17,918 - INFO -    1. Set TWILIO_ACCOUNT_SID and TWILIO_AUTH_TOKEN environment variables
2025-07-27 05:40:17,918 - INFO -    2. Or modify credentials directly in TwilioWhatsAppService class
2025-07-27 05:40:17,919 - INFO -    3. Users must send 'join catch-manner' to +14155238886 to activate WhatsApp
2025-07-27 05:40:17,919 - INFO -    4. Use the same phone number for both WhatsApp activation and app registration
2025-07-27 05:40:17,919 - INFO -    5. Phone number format: +92XXXXXXXXXX (Pakistan format)
2025-07-27 05:40:17,919 - INFO - 
2025-07-27 05:40:17,940 - INFO - 
2025-07-27 05:40:17,941 - INFO -    • Consistent button sizing across all pages
2025-07-27 05:40:17,942 - INFO -    • Fixed landing page dimension preservation
2025-07-27 05:40:17,942 - INFO -    • Enhanced color scheme with CSS variables
2025-07-27 05:40:17,942 - INFO -    • Improved spacing and typography
2025-07-27 05:40:17,942 - INFO -    • Better visual feedback for user actions
2025-07-27 05:40:17,942 - INFO -    • Enhanced mobile responsiveness
2025-07-27 05:40:17,943 - INFO -    • Modern card-based layout system
2025-07-27 05:40:17,943 - INFO -    • Professional gradient backgrounds
2025-07-27 05:40:17,943 - INFO -    • Improved table and data visualization
2025-07-27 05:40:17,943 - INFO -    • Enhanced form usability and validation
2025-07-27 05:40:17,943 - INFO - 
